08:02:22.552 [restartedMain] INFO  c.r.RuoYiApplication - [logStarting,55] - Starting RuoYiApplication using Java 1.8.0_202 on SC-202208161009 with PID 9540 (D:\RuoYi-Vue-master-pg\RuoYi-Vue-master\ruoyi-admin\target\classes started by Administrator in D:\RuoYi-Vue-master-pg)
08:02:22.552 [restartedMain] INFO  c.r.RuoYiApplication - [logStartupProfileInfo,686] - The following 1 profile is active: "druid"
09:32:04.171 [restartedMain] INFO  c.r.RuoYiApplication - [logStarting,55] - Starting RuoYiApplication using Java 1.8.0_202 on SC-202208161009 with PID 13512 (D:\RuoYi-Vue-master-pg\RuoYi-Vue-master\ruoyi-admin\target\classes started by Administrator in D:\RuoYi-Vue-master-pg)
09:32:04.171 [restartedMain] INFO  c.r.RuoYiApplication - [logStartupProfileInfo,686] - The following 1 profile is active: "druid"
09:32:11.712 [restartedMain] INFO  sys-user - [shutdownAsyncManager,31] - ====关闭后台任务任务线程池====
09:32:51.777 [restartedMain] INFO  c.r.RuoYiApplication - [logStarting,55] - Starting RuoYiApplication using Java 1.8.0_202 on SC-202208161009 with PID 13940 (D:\RuoYi-Vue-master-pg\RuoYi-Vue-master\ruoyi-admin\target\classes started by Administrator in D:\RuoYi-Vue-master-pg)
09:32:51.780 [restartedMain] INFO  c.r.RuoYiApplication - [logStartupProfileInfo,686] - The following 1 profile is active: "druid"
09:32:59.483 [restartedMain] INFO  sys-user - [shutdownAsyncManager,31] - ====关闭后台任务任务线程池====
09:33:39.136 [restartedMain] INFO  c.r.RuoYiApplication - [logStarting,55] - Starting RuoYiApplication using Java 1.8.0_202 on SC-202208161009 with PID 3532 (D:\RuoYi-Vue-master-pg\RuoYi-Vue-master\ruoyi-admin\target\classes started by Administrator in D:\RuoYi-Vue-master-pg)
09:33:39.136 [restartedMain] INFO  c.r.RuoYiApplication - [logStartupProfileInfo,686] - The following 1 profile is active: "druid"
09:33:48.138 [restartedMain] INFO  c.r.RuoYiApplication - [logStarted,61] - Started RuoYiApplication in 9.36 seconds (JVM running for 10.568)
09:33:48.154 [quartzScheduler_Worker-1] INFO  custmer - [test,35] - 执行测试方法
09:33:50.001 [quartzScheduler_Worker-2] INFO  custmer - [test,35] - 执行测试方法
09:33:55.001 [quartzScheduler_Worker-3] INFO  custmer - [test,35] - 执行测试方法
09:34:00.000 [quartzScheduler_Worker-4] INFO  custmer - [test,35] - 执行测试方法
09:34:05.001 [quartzScheduler_Worker-5] INFO  custmer - [test,35] - 执行测试方法
09:34:08.133 [schedule-pool-1] INFO  sys-user - [run,55] - [127.0.0.1]内网IP[admin][Success][登录成功]
09:34:10.001 [quartzScheduler_Worker-6] INFO  custmer - [test,35] - 执行测试方法
09:34:15.007 [quartzScheduler_Worker-7] INFO  custmer - [test,35] - 执行测试方法
09:34:20.001 [quartzScheduler_Worker-8] INFO  custmer - [test,35] - 执行测试方法
09:34:25.007 [quartzScheduler_Worker-9] INFO  custmer - [test,35] - 执行测试方法
09:34:30.000 [quartzScheduler_Worker-10] INFO  custmer - [test,35] - 执行测试方法
09:34:35.000 [quartzScheduler_Worker-1] INFO  custmer - [test,35] - 执行测试方法
09:34:40.000 [quartzScheduler_Worker-2] INFO  custmer - [test,35] - 执行测试方法
09:34:45.001 [quartzScheduler_Worker-3] INFO  custmer - [test,35] - 执行测试方法
09:34:50.009 [quartzScheduler_Worker-4] INFO  custmer - [test,35] - 执行测试方法
09:34:55.006 [quartzScheduler_Worker-5] INFO  custmer - [test,35] - 执行测试方法
09:35:00.007 [quartzScheduler_Worker-6] INFO  custmer - [test,35] - 执行测试方法
09:35:05.012 [quartzScheduler_Worker-7] INFO  custmer - [test,35] - 执行测试方法
09:35:10.001 [quartzScheduler_Worker-8] INFO  custmer - [test,35] - 执行测试方法
09:35:15.002 [quartzScheduler_Worker-9] INFO  custmer - [test,35] - 执行测试方法
09:35:20.010 [quartzScheduler_Worker-10] INFO  custmer - [test,35] - 执行测试方法
09:35:25.001 [quartzScheduler_Worker-1] INFO  custmer - [test,35] - 执行测试方法
09:35:30.011 [quartzScheduler_Worker-2] INFO  custmer - [test,35] - 执行测试方法
09:35:35.008 [quartzScheduler_Worker-3] INFO  custmer - [test,35] - 执行测试方法
09:35:40.011 [quartzScheduler_Worker-4] INFO  custmer - [test,35] - 执行测试方法
09:35:45.008 [quartzScheduler_Worker-5] INFO  custmer - [test,35] - 执行测试方法
09:35:50.011 [quartzScheduler_Worker-6] INFO  custmer - [test,35] - 执行测试方法
09:35:55.000 [quartzScheduler_Worker-7] INFO  custmer - [test,35] - 执行测试方法
09:36:00.007 [quartzScheduler_Worker-8] INFO  custmer - [test,35] - 执行测试方法
09:36:00.970 [SpringApplicationShutdownHook] INFO  sys-user - [shutdownAsyncManager,31] - ====关闭后台任务任务线程池====
14:03:27.611 [restartedMain] INFO  c.r.RuoYiApplication - [logStarting,55] - Starting RuoYiApplication using Java 1.8.0_202 on SC-202208161009 with PID 17284 (D:\RuoYi-Vue-master-pg\RuoYi-Vue-master\ruoyi-admin\target\classes started by Administrator in D:\RuoYi-Vue-master-pg)
14:03:27.614 [restartedMain] INFO  c.r.RuoYiApplication - [logStartupProfileInfo,686] - The following 1 profile is active: "druid"
14:03:37.793 [restartedMain] INFO  c.r.RuoYiApplication - [logStarted,61] - Started RuoYiApplication in 10.626 seconds (JVM running for 12.571)
14:03:37.804 [quartzScheduler_Worker-1] INFO  custmer - [test,35] - 执行测试方法
14:03:40.008 [quartzScheduler_Worker-2] INFO  custmer - [test,35] - 执行测试方法
14:03:45.000 [quartzScheduler_Worker-3] INFO  custmer - [test,35] - 执行测试方法
14:03:50.001 [quartzScheduler_Worker-4] INFO  custmer - [test,35] - 执行测试方法
14:03:55.001 [quartzScheduler_Worker-5] INFO  custmer - [test,35] - 执行测试方法
14:06:17.573 [quartzScheduler_Worker-6] INFO  custmer - [test,35] - 执行测试方法
14:06:19.681 [quartzScheduler_Worker-7] INFO  custmer - [test,35] - 执行测试方法
14:06:19.690 [quartzScheduler_Worker-8] INFO  custmer - [test,35] - 执行测试方法
14:06:19.697 [quartzScheduler_Worker-9] INFO  custmer - [test,35] - 执行测试方法
14:06:19.714 [schedule-pool-2] INFO  sys-user - [run,55] - [127.0.0.1]内网IP[admin][Error][验证码已失效]
14:06:19.714 [schedule-pool-1] INFO  sys-user - [run,55] - [127.0.0.1]内网IP[admin][Error][验证码已失效]
14:06:19.718 [quartzScheduler_Worker-10] INFO  custmer - [test,35] - 执行测试方法
14:06:19.732 [quartzScheduler_Worker-1] INFO  custmer - [test,35] - 执行测试方法
14:06:19.740 [quartzScheduler_Worker-2] INFO  custmer - [test,35] - 执行测试方法
14:06:19.747 [quartzScheduler_Worker-3] INFO  custmer - [test,35] - 执行测试方法
14:06:19.752 [quartzScheduler_Worker-4] INFO  custmer - [test,35] - 执行测试方法
14:06:19.757 [quartzScheduler_Worker-5] INFO  custmer - [test,35] - 执行测试方法
14:06:19.769 [quartzScheduler_Worker-6] INFO  custmer - [test,35] - 执行测试方法
14:06:19.774 [quartzScheduler_Worker-7] INFO  custmer - [test,35] - 执行测试方法
14:06:19.778 [quartzScheduler_Worker-8] INFO  custmer - [test,35] - 执行测试方法
14:06:19.783 [quartzScheduler_Worker-9] INFO  custmer - [test,35] - 执行测试方法
14:06:19.788 [quartzScheduler_Worker-10] INFO  custmer - [test,35] - 执行测试方法
14:06:19.794 [quartzScheduler_Worker-1] INFO  custmer - [test,35] - 执行测试方法
14:06:19.799 [quartzScheduler_Worker-2] INFO  custmer - [test,35] - 执行测试方法
14:06:19.804 [quartzScheduler_Worker-3] INFO  custmer - [test,35] - 执行测试方法
14:06:19.809 [quartzScheduler_Worker-4] INFO  custmer - [test,35] - 执行测试方法
14:06:19.815 [quartzScheduler_Worker-5] INFO  custmer - [test,35] - 执行测试方法
14:06:19.819 [quartzScheduler_Worker-6] INFO  custmer - [test,35] - 执行测试方法
14:06:19.823 [quartzScheduler_Worker-7] INFO  custmer - [test,35] - 执行测试方法
14:06:19.828 [quartzScheduler_Worker-8] INFO  custmer - [test,35] - 执行测试方法
14:06:19.832 [quartzScheduler_Worker-9] INFO  custmer - [test,35] - 执行测试方法
14:06:19.837 [quartzScheduler_Worker-10] INFO  custmer - [test,35] - 执行测试方法
14:06:19.843 [quartzScheduler_Worker-1] INFO  custmer - [test,35] - 执行测试方法
14:06:19.848 [quartzScheduler_Worker-2] INFO  custmer - [test,35] - 执行测试方法
14:06:19.852 [quartzScheduler_Worker-3] INFO  custmer - [test,35] - 执行测试方法
14:06:20.001 [quartzScheduler_Worker-4] INFO  custmer - [test,35] - 执行测试方法
14:06:25.001 [quartzScheduler_Worker-5] INFO  custmer - [test,35] - 执行测试方法
14:06:30.000 [quartzScheduler_Worker-6] INFO  custmer - [test,35] - 执行测试方法
14:06:35.000 [quartzScheduler_Worker-7] INFO  custmer - [test,35] - 执行测试方法
14:06:40.002 [quartzScheduler_Worker-8] INFO  custmer - [test,35] - 执行测试方法
14:06:43.559 [schedule-pool-2] INFO  sys-user - [run,55] - [127.0.0.1]内网IP[admin][Success][登录成功]
14:07:39.171 [quartzScheduler_Worker-9] INFO  custmer - [test,35] - 执行测试方法
14:07:39.179 [quartzScheduler_Worker-10] INFO  custmer - [test,35] - 执行测试方法
14:07:39.189 [quartzScheduler_Worker-1] INFO  custmer - [test,35] - 执行测试方法
14:07:39.201 [quartzScheduler_Worker-2] INFO  custmer - [test,35] - 执行测试方法
14:07:39.205 [quartzScheduler_Worker-3] INFO  custmer - [test,35] - 执行测试方法
14:07:39.227 [quartzScheduler_Worker-4] INFO  custmer - [test,35] - 执行测试方法
14:07:39.232 [quartzScheduler_Worker-5] INFO  custmer - [test,35] - 执行测试方法
14:07:39.237 [quartzScheduler_Worker-6] INFO  custmer - [test,35] - 执行测试方法
14:07:39.243 [quartzScheduler_Worker-7] INFO  custmer - [test,35] - 执行测试方法
14:07:39.247 [quartzScheduler_Worker-8] INFO  custmer - [test,35] - 执行测试方法
14:07:39.252 [quartzScheduler_Worker-9] INFO  custmer - [test,35] - 执行测试方法
14:07:40.000 [quartzScheduler_Worker-10] INFO  custmer - [test,35] - 执行测试方法
14:07:45.002 [quartzScheduler_Worker-1] INFO  custmer - [test,35] - 执行测试方法
14:07:46.483 [schedule-pool-1] INFO  sys-user - [run,55] - [127.0.0.1]内网IP[admin][Error][验证码已失效]
14:07:50.001 [quartzScheduler_Worker-2] INFO  custmer - [test,35] - 执行测试方法
14:07:55.001 [quartzScheduler_Worker-3] INFO  custmer - [test,35] - 执行测试方法
14:08:00.000 [quartzScheduler_Worker-4] INFO  custmer - [test,35] - 执行测试方法
14:08:11.710 [quartzScheduler_Worker-5] INFO  custmer - [test,35] - 执行测试方法
14:08:11.717 [quartzScheduler_Worker-6] INFO  custmer - [test,35] - 执行测试方法
14:08:11.724 [schedule-pool-3] INFO  sys-user - [run,55] - [127.0.0.1]内网IP[admin][Error][验证码错误]
14:08:15.001 [quartzScheduler_Worker-7] INFO  custmer - [test,35] - 执行测试方法
14:08:20.001 [quartzScheduler_Worker-8] INFO  custmer - [test,35] - 执行测试方法
14:08:25.001 [quartzScheduler_Worker-9] INFO  custmer - [test,35] - 执行测试方法
14:08:57.141 [quartzScheduler_Worker-10] INFO  custmer - [test,35] - 执行测试方法
14:08:57.149 [quartzScheduler_Worker-1] INFO  custmer - [test,35] - 执行测试方法
14:08:57.156 [quartzScheduler_Worker-2] INFO  custmer - [test,35] - 执行测试方法
14:08:57.161 [quartzScheduler_Worker-3] INFO  custmer - [test,35] - 执行测试方法
14:08:57.167 [quartzScheduler_Worker-4] INFO  custmer - [test,35] - 执行测试方法
14:08:57.172 [quartzScheduler_Worker-5] INFO  custmer - [test,35] - 执行测试方法
14:08:57.322 [schedule-pool-2] INFO  sys-user - [run,55] - [127.0.0.1]内网IP[admin][Success][登录成功]
14:09:00.001 [quartzScheduler_Worker-6] INFO  custmer - [test,35] - 执行测试方法
14:09:04.864 [schedule-pool-4] INFO  sys-user - [run,55] - [127.0.0.1]内网IP[admin][Success][登录成功]
14:09:05.000 [quartzScheduler_Worker-7] INFO  custmer - [test,35] - 执行测试方法
14:09:10.001 [quartzScheduler_Worker-8] INFO  custmer - [test,35] - 执行测试方法
14:09:15.002 [quartzScheduler_Worker-9] INFO  custmer - [test,35] - 执行测试方法
14:09:20.001 [quartzScheduler_Worker-10] INFO  custmer - [test,35] - 执行测试方法
14:09:25.002 [quartzScheduler_Worker-1] INFO  custmer - [test,35] - 执行测试方法
14:09:27.810 [schedule-pool-1] INFO  sys-user - [run,55] - [127.0.0.1]内网IP[admin][Logout][退出成功]
14:09:30.002 [quartzScheduler_Worker-2] INFO  custmer - [test,35] - 执行测试方法
14:09:35.001 [quartzScheduler_Worker-3] INFO  custmer - [test,35] - 执行测试方法
14:09:40.001 [quartzScheduler_Worker-4] INFO  custmer - [test,35] - 执行测试方法
14:09:45.002 [quartzScheduler_Worker-5] INFO  custmer - [test,35] - 执行测试方法
14:10:11.428 [schedule-pool-5] INFO  sys-user - [run,55] - [127.0.0.1]内网IP[admin][Success][登录成功]
14:10:11.429 [quartzScheduler_Worker-6] INFO  custmer - [test,35] - 执行测试方法
14:10:11.438 [quartzScheduler_Worker-7] INFO  custmer - [test,35] - 执行测试方法
14:10:11.443 [quartzScheduler_Worker-8] INFO  custmer - [test,35] - 执行测试方法
14:10:11.448 [quartzScheduler_Worker-9] INFO  custmer - [test,35] - 执行测试方法
14:10:11.452 [quartzScheduler_Worker-10] INFO  custmer - [test,35] - 执行测试方法
14:10:15.001 [quartzScheduler_Worker-1] INFO  custmer - [test,35] - 执行测试方法
14:10:20.001 [quartzScheduler_Worker-2] INFO  custmer - [test,35] - 执行测试方法
14:10:25.001 [quartzScheduler_Worker-3] INFO  custmer - [test,35] - 执行测试方法
14:10:30.000 [quartzScheduler_Worker-4] INFO  custmer - [test,35] - 执行测试方法
14:10:35.001 [quartzScheduler_Worker-5] INFO  custmer - [test,35] - 执行测试方法
14:10:40.001 [quartzScheduler_Worker-6] INFO  custmer - [test,35] - 执行测试方法
14:10:45.000 [quartzScheduler_Worker-7] INFO  custmer - [test,35] - 执行测试方法
14:10:50.000 [quartzScheduler_Worker-8] INFO  custmer - [test,35] - 执行测试方法
14:10:55.000 [quartzScheduler_Worker-9] INFO  custmer - [test,35] - 执行测试方法
14:11:00.001 [quartzScheduler_Worker-10] INFO  custmer - [test,35] - 执行测试方法
14:11:05.001 [quartzScheduler_Worker-1] INFO  custmer - [test,35] - 执行测试方法
14:11:10.001 [quartzScheduler_Worker-2] INFO  custmer - [test,35] - 执行测试方法
14:11:15.001 [quartzScheduler_Worker-3] INFO  custmer - [test,35] - 执行测试方法
14:11:20.001 [quartzScheduler_Worker-4] INFO  custmer - [test,35] - 执行测试方法
14:11:25.002 [quartzScheduler_Worker-5] INFO  custmer - [test,35] - 执行测试方法
14:11:30.001 [quartzScheduler_Worker-6] INFO  custmer - [test,35] - 执行测试方法
14:11:35.001 [quartzScheduler_Worker-7] INFO  custmer - [test,35] - 执行测试方法
14:11:40.001 [quartzScheduler_Worker-8] INFO  custmer - [test,35] - 执行测试方法
14:11:45.000 [quartzScheduler_Worker-9] INFO  custmer - [test,35] - 执行测试方法
14:11:50.001 [quartzScheduler_Worker-10] INFO  custmer - [test,35] - 执行测试方法
14:11:55.001 [quartzScheduler_Worker-1] INFO  custmer - [test,35] - 执行测试方法
14:12:00.000 [quartzScheduler_Worker-2] INFO  custmer - [test,35] - 执行测试方法
14:12:05.000 [quartzScheduler_Worker-3] INFO  custmer - [test,35] - 执行测试方法
14:12:10.001 [quartzScheduler_Worker-4] INFO  custmer - [test,35] - 执行测试方法
14:12:15.000 [quartzScheduler_Worker-5] INFO  custmer - [test,35] - 执行测试方法
14:12:20.001 [quartzScheduler_Worker-6] INFO  custmer - [test,35] - 执行测试方法
14:12:25.002 [quartzScheduler_Worker-7] INFO  custmer - [test,35] - 执行测试方法
14:12:30.002 [quartzScheduler_Worker-8] INFO  custmer - [test,35] - 执行测试方法
14:12:35.000 [quartzScheduler_Worker-9] INFO  custmer - [test,35] - 执行测试方法
14:12:40.001 [quartzScheduler_Worker-10] INFO  custmer - [test,35] - 执行测试方法
14:12:42.489 [schedule-pool-3] INFO  sys-user - [run,55] - [127.0.0.1]内网IP[admin][Error][验证码已失效]
14:12:45.000 [quartzScheduler_Worker-1] INFO  custmer - [test,35] - 执行测试方法
14:12:46.122 [schedule-pool-6] INFO  sys-user - [run,55] - [127.0.0.1]内网IP[admin][Success][登录成功]
14:12:50.001 [quartzScheduler_Worker-2] INFO  custmer - [test,35] - 执行测试方法
14:12:55.001 [quartzScheduler_Worker-3] INFO  custmer - [test,35] - 执行测试方法
14:13:00.000 [quartzScheduler_Worker-4] INFO  custmer - [test,35] - 执行测试方法
14:13:05.001 [quartzScheduler_Worker-5] INFO  custmer - [test,35] - 执行测试方法
14:13:10.000 [quartzScheduler_Worker-6] INFO  custmer - [test,35] - 执行测试方法
14:13:15.001 [quartzScheduler_Worker-7] INFO  custmer - [test,35] - 执行测试方法
14:13:20.001 [quartzScheduler_Worker-8] INFO  custmer - [test,35] - 执行测试方法
14:13:25.001 [quartzScheduler_Worker-9] INFO  custmer - [test,35] - 执行测试方法
14:13:30.001 [quartzScheduler_Worker-10] INFO  custmer - [test,35] - 执行测试方法
14:13:35.001 [quartzScheduler_Worker-1] INFO  custmer - [test,35] - 执行测试方法
14:13:40.000 [quartzScheduler_Worker-2] INFO  custmer - [test,35] - 执行测试方法
14:13:45.000 [quartzScheduler_Worker-3] INFO  custmer - [test,35] - 执行测试方法
14:13:50.002 [quartzScheduler_Worker-4] INFO  custmer - [test,35] - 执行测试方法
14:13:55.000 [quartzScheduler_Worker-5] INFO  custmer - [test,35] - 执行测试方法
14:14:00.000 [quartzScheduler_Worker-6] INFO  custmer - [test,35] - 执行测试方法
14:14:05.001 [quartzScheduler_Worker-7] INFO  custmer - [test,35] - 执行测试方法
14:14:10.002 [quartzScheduler_Worker-8] INFO  custmer - [test,35] - 执行测试方法
14:14:15.001 [quartzScheduler_Worker-9] INFO  custmer - [test,35] - 执行测试方法
14:14:20.001 [quartzScheduler_Worker-10] INFO  custmer - [test,35] - 执行测试方法
14:14:25.001 [quartzScheduler_Worker-1] INFO  custmer - [test,35] - 执行测试方法
14:14:30.002 [quartzScheduler_Worker-2] INFO  custmer - [test,35] - 执行测试方法
14:14:35.000 [quartzScheduler_Worker-3] INFO  custmer - [test,35] - 执行测试方法
14:14:40.001 [quartzScheduler_Worker-4] INFO  custmer - [test,35] - 执行测试方法
14:14:45.002 [quartzScheduler_Worker-5] INFO  custmer - [test,35] - 执行测试方法
14:14:50.001 [quartzScheduler_Worker-6] INFO  custmer - [test,35] - 执行测试方法
14:14:55.002 [quartzScheduler_Worker-7] INFO  custmer - [test,35] - 执行测试方法
14:15:00.001 [quartzScheduler_Worker-8] INFO  custmer - [test,35] - 执行测试方法
14:15:05.000 [quartzScheduler_Worker-9] INFO  custmer - [test,35] - 执行测试方法
14:15:10.000 [quartzScheduler_Worker-10] INFO  custmer - [test,35] - 执行测试方法
14:15:15.001 [quartzScheduler_Worker-1] INFO  custmer - [test,35] - 执行测试方法
14:15:20.001 [quartzScheduler_Worker-2] INFO  custmer - [test,35] - 执行测试方法
14:15:25.001 [quartzScheduler_Worker-3] INFO  custmer - [test,35] - 执行测试方法
14:15:30.000 [quartzScheduler_Worker-4] INFO  custmer - [test,35] - 执行测试方法
14:15:35.001 [quartzScheduler_Worker-5] INFO  custmer - [test,35] - 执行测试方法
14:15:40.001 [quartzScheduler_Worker-6] INFO  custmer - [test,35] - 执行测试方法
14:15:45.001 [quartzScheduler_Worker-7] INFO  custmer - [test,35] - 执行测试方法
14:15:50.000 [quartzScheduler_Worker-8] INFO  custmer - [test,35] - 执行测试方法
14:15:55.000 [quartzScheduler_Worker-9] INFO  custmer - [test,35] - 执行测试方法
14:16:00.001 [quartzScheduler_Worker-10] INFO  custmer - [test,35] - 执行测试方法
14:16:05.001 [quartzScheduler_Worker-1] INFO  custmer - [test,35] - 执行测试方法
14:16:10.001 [quartzScheduler_Worker-2] INFO  custmer - [test,35] - 执行测试方法
14:16:15.000 [quartzScheduler_Worker-3] INFO  custmer - [test,35] - 执行测试方法
14:16:20.001 [quartzScheduler_Worker-4] INFO  custmer - [test,35] - 执行测试方法
14:16:25.000 [quartzScheduler_Worker-5] INFO  custmer - [test,35] - 执行测试方法
14:16:30.001 [quartzScheduler_Worker-6] INFO  custmer - [test,35] - 执行测试方法
14:16:35.001 [quartzScheduler_Worker-7] INFO  custmer - [test,35] - 执行测试方法
14:16:40.001 [quartzScheduler_Worker-8] INFO  custmer - [test,35] - 执行测试方法
14:16:45.001 [quartzScheduler_Worker-9] INFO  custmer - [test,35] - 执行测试方法
14:16:50.000 [quartzScheduler_Worker-10] INFO  custmer - [test,35] - 执行测试方法
14:16:55.001 [quartzScheduler_Worker-1] INFO  custmer - [test,35] - 执行测试方法
14:17:00.001 [quartzScheduler_Worker-2] INFO  custmer - [test,35] - 执行测试方法
14:17:05.000 [quartzScheduler_Worker-3] INFO  custmer - [test,35] - 执行测试方法
14:17:10.001 [quartzScheduler_Worker-4] INFO  custmer - [test,35] - 执行测试方法
14:17:15.001 [quartzScheduler_Worker-5] INFO  custmer - [test,35] - 执行测试方法
14:17:20.002 [quartzScheduler_Worker-6] INFO  custmer - [test,35] - 执行测试方法
14:17:25.001 [quartzScheduler_Worker-7] INFO  custmer - [test,35] - 执行测试方法
14:17:30.000 [quartzScheduler_Worker-8] INFO  custmer - [test,35] - 执行测试方法
14:17:35.001 [quartzScheduler_Worker-9] INFO  custmer - [test,35] - 执行测试方法
14:17:40.001 [quartzScheduler_Worker-10] INFO  custmer - [test,35] - 执行测试方法
14:17:45.002 [quartzScheduler_Worker-1] INFO  custmer - [test,35] - 执行测试方法
14:17:50.001 [quartzScheduler_Worker-2] INFO  custmer - [test,35] - 执行测试方法
14:17:55.000 [quartzScheduler_Worker-3] INFO  custmer - [test,35] - 执行测试方法
14:18:00.001 [quartzScheduler_Worker-4] INFO  custmer - [test,35] - 执行测试方法
14:18:05.000 [quartzScheduler_Worker-5] INFO  custmer - [test,35] - 执行测试方法
14:18:10.001 [quartzScheduler_Worker-6] INFO  custmer - [test,35] - 执行测试方法
14:18:15.001 [quartzScheduler_Worker-7] INFO  custmer - [test,35] - 执行测试方法
14:18:20.001 [quartzScheduler_Worker-8] INFO  custmer - [test,35] - 执行测试方法
14:18:25.002 [quartzScheduler_Worker-9] INFO  custmer - [test,35] - 执行测试方法
14:18:30.001 [quartzScheduler_Worker-10] INFO  custmer - [test,35] - 执行测试方法
14:18:35.002 [quartzScheduler_Worker-1] INFO  custmer - [test,35] - 执行测试方法
14:18:40.001 [quartzScheduler_Worker-2] INFO  custmer - [test,35] - 执行测试方法
14:18:45.000 [quartzScheduler_Worker-3] INFO  custmer - [test,35] - 执行测试方法
14:18:50.001 [quartzScheduler_Worker-4] INFO  custmer - [test,35] - 执行测试方法
14:18:55.002 [quartzScheduler_Worker-5] INFO  custmer - [test,35] - 执行测试方法
14:19:00.000 [quartzScheduler_Worker-6] INFO  custmer - [test,35] - 执行测试方法
14:19:05.001 [quartzScheduler_Worker-7] INFO  custmer - [test,35] - 执行测试方法
14:19:10.000 [quartzScheduler_Worker-8] INFO  custmer - [test,35] - 执行测试方法
14:19:15.001 [quartzScheduler_Worker-9] INFO  custmer - [test,35] - 执行测试方法
14:19:20.001 [quartzScheduler_Worker-10] INFO  custmer - [test,35] - 执行测试方法
14:19:25.001 [quartzScheduler_Worker-1] INFO  custmer - [test,35] - 执行测试方法
14:19:30.001 [quartzScheduler_Worker-2] INFO  custmer - [test,35] - 执行测试方法
14:19:35.001 [quartzScheduler_Worker-3] INFO  custmer - [test,35] - 执行测试方法
14:19:40.001 [quartzScheduler_Worker-4] INFO  custmer - [test,35] - 执行测试方法
14:19:45.001 [quartzScheduler_Worker-5] INFO  custmer - [test,35] - 执行测试方法
14:19:50.001 [quartzScheduler_Worker-6] INFO  custmer - [test,35] - 执行测试方法
14:19:55.001 [quartzScheduler_Worker-7] INFO  custmer - [test,35] - 执行测试方法
14:20:00.000 [quartzScheduler_Worker-8] INFO  custmer - [test,35] - 执行测试方法
14:20:05.001 [quartzScheduler_Worker-9] INFO  custmer - [test,35] - 执行测试方法
14:20:10.001 [quartzScheduler_Worker-10] INFO  custmer - [test,35] - 执行测试方法
14:20:15.001 [quartzScheduler_Worker-1] INFO  custmer - [test,35] - 执行测试方法
14:20:20.002 [quartzScheduler_Worker-2] INFO  custmer - [test,35] - 执行测试方法
14:20:25.001 [quartzScheduler_Worker-3] INFO  custmer - [test,35] - 执行测试方法
14:20:30.000 [quartzScheduler_Worker-4] INFO  custmer - [test,35] - 执行测试方法
14:20:35.001 [quartzScheduler_Worker-5] INFO  custmer - [test,35] - 执行测试方法
14:20:40.000 [quartzScheduler_Worker-6] INFO  custmer - [test,35] - 执行测试方法
14:20:45.001 [quartzScheduler_Worker-7] INFO  custmer - [test,35] - 执行测试方法
14:20:50.000 [quartzScheduler_Worker-8] INFO  custmer - [test,35] - 执行测试方法
14:20:55.000 [quartzScheduler_Worker-9] INFO  custmer - [test,35] - 执行测试方法
14:21:00.001 [quartzScheduler_Worker-10] INFO  custmer - [test,35] - 执行测试方法
14:21:05.003 [quartzScheduler_Worker-1] INFO  custmer - [test,35] - 执行测试方法
14:21:10.001 [quartzScheduler_Worker-2] INFO  custmer - [test,35] - 执行测试方法
14:21:15.000 [quartzScheduler_Worker-3] INFO  custmer - [test,35] - 执行测试方法
14:21:20.001 [quartzScheduler_Worker-4] INFO  custmer - [test,35] - 执行测试方法
14:21:25.000 [quartzScheduler_Worker-5] INFO  custmer - [test,35] - 执行测试方法
14:21:30.001 [quartzScheduler_Worker-6] INFO  custmer - [test,35] - 执行测试方法
14:21:35.001 [quartzScheduler_Worker-7] INFO  custmer - [test,35] - 执行测试方法
14:21:40.002 [quartzScheduler_Worker-8] INFO  custmer - [test,35] - 执行测试方法
14:21:45.000 [quartzScheduler_Worker-9] INFO  custmer - [test,35] - 执行测试方法
14:21:50.001 [quartzScheduler_Worker-10] INFO  custmer - [test,35] - 执行测试方法
14:21:55.002 [quartzScheduler_Worker-1] INFO  custmer - [test,35] - 执行测试方法
14:22:00.000 [quartzScheduler_Worker-2] INFO  custmer - [test,35] - 执行测试方法
14:22:05.000 [quartzScheduler_Worker-3] INFO  custmer - [test,35] - 执行测试方法
14:22:10.000 [quartzScheduler_Worker-4] INFO  custmer - [test,35] - 执行测试方法
14:22:15.002 [quartzScheduler_Worker-5] INFO  custmer - [test,35] - 执行测试方法
14:22:20.001 [quartzScheduler_Worker-6] INFO  custmer - [test,35] - 执行测试方法
14:22:25.000 [quartzScheduler_Worker-7] INFO  custmer - [test,35] - 执行测试方法
14:22:30.001 [quartzScheduler_Worker-8] INFO  custmer - [test,35] - 执行测试方法
14:22:35.002 [quartzScheduler_Worker-9] INFO  custmer - [test,35] - 执行测试方法
14:22:40.001 [quartzScheduler_Worker-10] INFO  custmer - [test,35] - 执行测试方法
14:22:45.001 [quartzScheduler_Worker-1] INFO  custmer - [test,35] - 执行测试方法
14:22:50.000 [quartzScheduler_Worker-2] INFO  custmer - [test,35] - 执行测试方法
14:22:55.001 [quartzScheduler_Worker-3] INFO  custmer - [test,35] - 执行测试方法
14:23:00.000 [quartzScheduler_Worker-4] INFO  custmer - [test,35] - 执行测试方法
14:23:05.002 [quartzScheduler_Worker-5] INFO  custmer - [test,35] - 执行测试方法
14:23:10.000 [quartzScheduler_Worker-6] INFO  custmer - [test,35] - 执行测试方法
14:23:15.001 [quartzScheduler_Worker-7] INFO  custmer - [test,35] - 执行测试方法
14:23:20.000 [quartzScheduler_Worker-8] INFO  custmer - [test,35] - 执行测试方法
14:23:25.002 [quartzScheduler_Worker-9] INFO  custmer - [test,35] - 执行测试方法
14:23:30.001 [quartzScheduler_Worker-10] INFO  custmer - [test,35] - 执行测试方法
14:23:35.000 [quartzScheduler_Worker-1] INFO  custmer - [test,35] - 执行测试方法
14:23:40.001 [quartzScheduler_Worker-2] INFO  custmer - [test,35] - 执行测试方法
14:23:45.002 [quartzScheduler_Worker-3] INFO  custmer - [test,35] - 执行测试方法
14:23:50.001 [quartzScheduler_Worker-4] INFO  custmer - [test,35] - 执行测试方法
14:23:55.001 [quartzScheduler_Worker-5] INFO  custmer - [test,35] - 执行测试方法
14:24:00.002 [quartzScheduler_Worker-6] INFO  custmer - [test,35] - 执行测试方法
14:24:05.000 [quartzScheduler_Worker-7] INFO  custmer - [test,35] - 执行测试方法
14:24:10.001 [quartzScheduler_Worker-8] INFO  custmer - [test,35] - 执行测试方法
14:24:15.001 [quartzScheduler_Worker-9] INFO  custmer - [test,35] - 执行测试方法
14:24:20.000 [quartzScheduler_Worker-10] INFO  custmer - [test,35] - 执行测试方法
14:24:25.002 [quartzScheduler_Worker-1] INFO  custmer - [test,35] - 执行测试方法
14:24:30.001 [quartzScheduler_Worker-2] INFO  custmer - [test,35] - 执行测试方法
14:24:35.000 [quartzScheduler_Worker-3] INFO  custmer - [test,35] - 执行测试方法
14:24:40.001 [quartzScheduler_Worker-4] INFO  custmer - [test,35] - 执行测试方法
14:24:45.001 [quartzScheduler_Worker-5] INFO  custmer - [test,35] - 执行测试方法
14:24:50.000 [quartzScheduler_Worker-6] INFO  custmer - [test,35] - 执行测试方法
14:24:55.000 [quartzScheduler_Worker-7] INFO  custmer - [test,35] - 执行测试方法
14:25:00.002 [quartzScheduler_Worker-8] INFO  custmer - [test,35] - 执行测试方法
14:25:05.000 [quartzScheduler_Worker-9] INFO  custmer - [test,35] - 执行测试方法
14:25:10.001 [quartzScheduler_Worker-10] INFO  custmer - [test,35] - 执行测试方法
14:25:15.002 [quartzScheduler_Worker-1] INFO  custmer - [test,35] - 执行测试方法
14:25:20.001 [quartzScheduler_Worker-2] INFO  custmer - [test,35] - 执行测试方法
14:25:25.001 [quartzScheduler_Worker-3] INFO  custmer - [test,35] - 执行测试方法
14:25:30.002 [quartzScheduler_Worker-4] INFO  custmer - [test,35] - 执行测试方法
14:25:35.000 [quartzScheduler_Worker-5] INFO  custmer - [test,35] - 执行测试方法
14:25:40.000 [quartzScheduler_Worker-6] INFO  custmer - [test,35] - 执行测试方法
14:25:45.001 [quartzScheduler_Worker-7] INFO  custmer - [test,35] - 执行测试方法
14:25:50.001 [quartzScheduler_Worker-8] INFO  custmer - [test,35] - 执行测试方法
14:25:55.001 [quartzScheduler_Worker-9] INFO  custmer - [test,35] - 执行测试方法
14:26:00.001 [quartzScheduler_Worker-10] INFO  custmer - [test,35] - 执行测试方法
14:26:05.000 [quartzScheduler_Worker-1] INFO  custmer - [test,35] - 执行测试方法
14:26:10.000 [quartzScheduler_Worker-2] INFO  custmer - [test,35] - 执行测试方法
14:26:15.001 [quartzScheduler_Worker-3] INFO  custmer - [test,35] - 执行测试方法
14:26:20.001 [quartzScheduler_Worker-4] INFO  custmer - [test,35] - 执行测试方法
14:26:25.000 [quartzScheduler_Worker-5] INFO  custmer - [test,35] - 执行测试方法
14:26:30.000 [quartzScheduler_Worker-6] INFO  custmer - [test,35] - 执行测试方法
14:26:35.000 [quartzScheduler_Worker-7] INFO  custmer - [test,35] - 执行测试方法
14:26:40.001 [quartzScheduler_Worker-8] INFO  custmer - [test,35] - 执行测试方法
14:26:45.002 [quartzScheduler_Worker-9] INFO  custmer - [test,35] - 执行测试方法
14:26:50.001 [quartzScheduler_Worker-10] INFO  custmer - [test,35] - 执行测试方法
14:26:55.001 [quartzScheduler_Worker-1] INFO  custmer - [test,35] - 执行测试方法
14:27:00.001 [quartzScheduler_Worker-2] INFO  custmer - [test,35] - 执行测试方法
14:27:05.001 [quartzScheduler_Worker-3] INFO  custmer - [test,35] - 执行测试方法
14:27:10.002 [quartzScheduler_Worker-4] INFO  custmer - [test,35] - 执行测试方法
14:27:15.002 [quartzScheduler_Worker-5] INFO  custmer - [test,35] - 执行测试方法
14:27:20.000 [quartzScheduler_Worker-6] INFO  custmer - [test,35] - 执行测试方法
14:27:25.001 [quartzScheduler_Worker-7] INFO  custmer - [test,35] - 执行测试方法
14:27:30.000 [quartzScheduler_Worker-8] INFO  custmer - [test,35] - 执行测试方法
14:27:35.002 [quartzScheduler_Worker-9] INFO  custmer - [test,35] - 执行测试方法
14:27:40.001 [quartzScheduler_Worker-10] INFO  custmer - [test,35] - 执行测试方法
14:27:45.002 [quartzScheduler_Worker-1] INFO  custmer - [test,35] - 执行测试方法
14:27:50.001 [quartzScheduler_Worker-2] INFO  custmer - [test,35] - 执行测试方法
14:27:55.001 [quartzScheduler_Worker-3] INFO  custmer - [test,35] - 执行测试方法
14:28:00.001 [quartzScheduler_Worker-4] INFO  custmer - [test,35] - 执行测试方法
14:28:05.001 [quartzScheduler_Worker-5] INFO  custmer - [test,35] - 执行测试方法
14:28:10.000 [quartzScheduler_Worker-6] INFO  custmer - [test,35] - 执行测试方法
14:28:15.000 [quartzScheduler_Worker-7] INFO  custmer - [test,35] - 执行测试方法
14:28:20.000 [quartzScheduler_Worker-8] INFO  custmer - [test,35] - 执行测试方法
14:28:25.002 [quartzScheduler_Worker-9] INFO  custmer - [test,35] - 执行测试方法
14:28:30.001 [quartzScheduler_Worker-10] INFO  custmer - [test,35] - 执行测试方法
14:28:35.001 [quartzScheduler_Worker-1] INFO  custmer - [test,35] - 执行测试方法
14:28:40.001 [quartzScheduler_Worker-2] INFO  custmer - [test,35] - 执行测试方法
14:28:45.000 [quartzScheduler_Worker-3] INFO  custmer - [test,35] - 执行测试方法
14:28:50.000 [quartzScheduler_Worker-4] INFO  custmer - [test,35] - 执行测试方法
14:28:55.001 [quartzScheduler_Worker-5] INFO  custmer - [test,35] - 执行测试方法
14:29:00.001 [quartzScheduler_Worker-6] INFO  custmer - [test,35] - 执行测试方法
14:29:05.001 [quartzScheduler_Worker-7] INFO  custmer - [test,35] - 执行测试方法
14:29:10.001 [quartzScheduler_Worker-8] INFO  custmer - [test,35] - 执行测试方法
14:29:15.000 [quartzScheduler_Worker-9] INFO  custmer - [test,35] - 执行测试方法
14:29:20.000 [quartzScheduler_Worker-10] INFO  custmer - [test,35] - 执行测试方法
14:29:25.001 [quartzScheduler_Worker-1] INFO  custmer - [test,35] - 执行测试方法
14:29:30.000 [quartzScheduler_Worker-2] INFO  custmer - [test,35] - 执行测试方法
14:29:35.000 [quartzScheduler_Worker-3] INFO  custmer - [test,35] - 执行测试方法
14:29:40.001 [quartzScheduler_Worker-4] INFO  custmer - [test,35] - 执行测试方法
14:29:45.001 [quartzScheduler_Worker-5] INFO  custmer - [test,35] - 执行测试方法
14:29:50.001 [quartzScheduler_Worker-6] INFO  custmer - [test,35] - 执行测试方法
14:29:55.001 [quartzScheduler_Worker-7] INFO  custmer - [test,35] - 执行测试方法
14:30:00.001 [quartzScheduler_Worker-8] INFO  custmer - [test,35] - 执行测试方法
14:30:05.000 [quartzScheduler_Worker-9] INFO  custmer - [test,35] - 执行测试方法
14:30:10.001 [quartzScheduler_Worker-10] INFO  custmer - [test,35] - 执行测试方法
14:30:15.000 [quartzScheduler_Worker-1] INFO  custmer - [test,35] - 执行测试方法
14:30:20.001 [quartzScheduler_Worker-2] INFO  custmer - [test,35] - 执行测试方法
14:30:25.000 [quartzScheduler_Worker-3] INFO  custmer - [test,35] - 执行测试方法
14:30:30.001 [quartzScheduler_Worker-4] INFO  custmer - [test,35] - 执行测试方法
14:30:30.098 [schedule-pool-2] INFO  sys-user - [run,55] - [127.0.0.1]内网IP[admin][Logout][退出成功]
14:30:34.246 [schedule-pool-7] INFO  sys-user - [run,55] - [127.0.0.1]内网IP[admin][Success][登录成功]
14:43:20.318 [quartzScheduler_Worker-5] INFO  custmer - [test,35] - 执行测试方法
14:43:20.330 [quartzScheduler_Worker-6] INFO  custmer - [test,35] - 执行测试方法
14:43:20.334 [quartzScheduler_Worker-7] INFO  custmer - [test,35] - 执行测试方法
14:43:20.337 [schedule-pool-4] INFO  sys-user - [run,55] - [127.0.0.1]内网IP[admin][Logout][退出成功]
14:43:20.340 [quartzScheduler_Worker-8] INFO  custmer - [test,35] - 执行测试方法
14:43:20.354 [quartzScheduler_Worker-9] INFO  custmer - [test,35] - 执行测试方法
14:43:20.358 [quartzScheduler_Worker-10] INFO  custmer - [test,35] - 执行测试方法
14:43:20.363 [quartzScheduler_Worker-1] INFO  custmer - [test,35] - 执行测试方法
14:43:20.367 [quartzScheduler_Worker-2] INFO  custmer - [test,35] - 执行测试方法
14:43:20.371 [quartzScheduler_Worker-3] INFO  custmer - [test,35] - 执行测试方法
14:43:20.376 [quartzScheduler_Worker-4] INFO  custmer - [test,35] - 执行测试方法
14:43:20.382 [quartzScheduler_Worker-5] INFO  custmer - [test,35] - 执行测试方法
14:43:20.388 [quartzScheduler_Worker-6] INFO  custmer - [test,35] - 执行测试方法
